char   : Alexander Mundus
to_bank: (material)
         OR (intricate) 
         OR (ornate)
         OR (recipe)
         OR (survey)
         OR ((soulgem) AND (normal))
         OR (masterwrit)
         OR (itemname("repair kit"))
         OR ((item_enchanting) and (fine))
         OR (itemname("Ambrosia, Fragment"))
to_bag : (treasure)
         OR ((junk) AND itemname("foul hide","supple root","carapace","elemental essence","daedra husk","ectoplasm"))

char   : Daenir Haggertyn
to_bank: (material)
         OR (intricate) 
         OR (ornate)
         OR (recipe)
         OR (survey)
         OR ((soulgem) AND (normal))
         OR (masterwrit)
         OR (itemname("repair kit"))
         OR ((item_enchanting) and (fine))
         OR (itemname("Ambrosia, Fragment"))
to_bag : (material_alchemy)

char   : Hagnar the Slender
to_bank: (material)
         OR (intricate) 
         OR (ornate)
         OR (recipe)
         OR (survey)
         OR ((soulgem) AND (normal))
         OR (masterwrit)
         OR (itemname("repair kit"))
         OR ((item_enchanting) and (fine))
         OR (itemname("Ambrosia, Fragment"))
to_bag : (ingredient)
         OR (recipe_fragment)

char   : Lilwen
to_bank: (material)
         OR (intricate) 
         OR (ornate)
         OR (recipe)
         OR (survey)
         OR ((soulgem) AND (normal))
         OR (masterwrit)
         OR (itemname("repair kit"))
         OR ((item_enchanting) and (fine))
         OR (itemname("Ambrosia, Fragment"))
to_bag : ((aspect) AND (NOT (legendary))) OR (essence) OR (potency)

char   : Simone Chevalier
to_bank: (material)
         OR (intricate) 
         OR (ornate)
         OR (recipe)
         OR (survey)
         OR ((soulgem) AND (normal))
         OR (masterwrit)
         OR (itemname("repair kit"))
         OR ((item_enchanting) and (fine))
         OR (itemname("Ambrosia, Fragment"))
to_bag : (costume) OR (disguise) OR ((armor) AND (armor_none) AND (NOT(jewelry_ornate)))

char   : Zancalmo
to_bank: (material)
         OR (intricate) 
         OR (ornate)
         OR (recipe)
         OR (survey)
         OR ((soulgem) AND (normal))
         OR (masterwrit)
         OR (itemname("repair kit"))
         OR ((item_enchanting) and (fine))
         OR (itemname("Ambrosia, Fragment"))
to_bag : ((material_style) AND (NOT itemname("molybdenum")))
         OR (itemtype_racial_style_motif)

char   : Zecorwyn
to_bank: (material)
         OR (intricate) 
         OR (ornate)
         OR (recipe)
         OR (survey)
         OR ((soulgem) AND (normal))
         OR ((masterwrit) AND (NOT(fcoisismarked)))
         OR (itemname("repair kit"))
         OR ((item_enchanting) and (fine))
         OR (itemname("Ambrosia, Fragment"))
to_bag : ((masterwrit) AND (wwMatCostPerVoucher < 300))

char   : Zhaksyr the Mighty
to_bank: (material)
         OR (intricate) 
         OR (ornate)
         OR (recipe)
         OR (survey)
         OR ((soulgem) AND (normal))
         OR (masterwrit)
         OR (itemname("repair kit"))
         OR ((item_enchanting) and (fine))
         OR (itemname("Ambrosia, Fragment"))
to_bag : (material_booster)
         OR ((material) AND (itemname("rubedite","ancestor","rubedo","ruby ash","platinum")))
         OR ((aspect) AND (legendary))
         OR (ornate)
         OR ((item_jewelry) AND (intricate))
         OR ((masterwrit) AND (wwMatCostPerVoucher >= 300))
         OR (recipe)
         

char   : Zugbesha
to_bank: (material)
         OR (intricate) 
         OR (ornate)
         OR (recipe)
         OR (survey)
         OR ((soulgem) AND (normal))
         OR (masterwrit)
         OR (itemname("repair kit"))
         OR ((item_enchanting) and (fine))
         OR (itemname("Ambrosia, Fragment"))
to_bag : ((material_blacksmithing) AND (NOT((legendary) OR itemname("rubedite"))))
         OR ((material_clothier) AND (NOT((legendary) OR itemname("ancestor","rubedo"))))
         OR ((material_woodworking) AND (NOT((legendary) OR itemname("ruby"))))
         OR ((material_jewelry) AND (NOT((legendary) OR itemname("platinum"))))
         OR (material_trait)
         

